<?xml version="1.0" encoding="UTF-8"?>
<!-- Generated by org.testng.reporters.JUnitReportReporter -->
<testsuite hostname="DESKTOP-VVFUTVG" failures="0" tests="1" name="testNG.BikeLoan" time="0.009" errors="0" timestamp="2024-03-18T22:12:18 IST" skipped="0">
  <testcase classname="testNG.BikeLoan" name="test1" time="0.009"/>
  <system-out/>
</testsuite> <!-- testNG.BikeLoan -->
