<?xml version="1.0" encoding="UTF-8"?>
<!-- Generated by org.testng.reporters.JUnitReportReporter -->
<testsuite hostname="DESKTOP-VVFUTVG" failures="0" tests="1" name="selenium.ZopSmart" time="44.368" errors="0" timestamp="2024-03-18T22:19:48 IST" skipped="0">
  <testcase classname="selenium.ZopSmart" name="ZopTest" time="44.368"/>
  <system-out/>
</testsuite> <!-- selenium.ZopSmart -->
