<?xml version="1.0" encoding="UTF-8"?>
<!-- Generated by org.testng.reporters.JUnitReportReporter -->
<testsuite hostname="DESKTOP-VVFUTVG" failures="0" tests="1" name="selenium.Goibibo" time="10.073" errors="0" timestamp="2024-03-18T22:19:48 IST" skipped="0">
  <testcase classname="selenium.Goibibo" name="scenarioIbibo" time="10.073"/>
  <system-out/>
</testsuite> <!-- selenium.Goibibo -->
