<?xml version="1.0" encoding="UTF-8"?>
<!-- Generated by org.testng.reporters.JUnitReportReporter -->
<testsuite hostname="DESKTOP-VVFUTVG" failures="0" tests="1" name="testNG.CarLoan" time="0.008" errors="0" timestamp="2024-03-18T22:12:18 IST" skipped="0">
  <testcase classname="testNG.CarLoan" name="carloan" time="0.008"/>
  <system-out/>
</testsuite> <!-- testNG.CarLoan -->
