<?xml version="1.0" encoding="UTF-8"?>
<!-- Generated by org.testng.reporters.JUnitReportReporter -->
<testsuite hostname="DESKTOP-VVFUTVG" failures="0" tests="1" name="selenium.Goibibo" time="24.782" errors="0" timestamp="2024-03-15T14:49:34 IST" skipped="0">
  <testcase classname="selenium.Goibibo" name="scenarioIbibo" time="24.782"/>
  <system-out/>
</testsuite> <!-- selenium.Goibibo -->
