<?xml version="1.0" encoding="UTF-8"?>
<!-- Generated by org.testng.reporters.JUnitReportReporter -->
<testsuite hostname="DESKTOP-VVFUTVG" failures="0" tests="1" name="testNG.ReverseString" time="0.010" errors="0" timestamp="2024-03-19T15:14:12 IST" skipped="0">
  <testcase classname="testNG.ReverseString" name="reverseString" time="0.010"/>
  <system-out/>
</testsuite> <!-- testNG.ReverseString -->
